<?xml version="1.0" encoding="UTF-8"?>
<!-- Generated by org.testng.reporters.JUnitReportReporter -->
<testsuite hostname="LAPTOP-8PVICKAN" failures="0" tests="5" name="com.neotech.lesson03.TaskOne" time="0.020" errors="0" timestamp="2023-01-29T22:16:52 EST" skipped="1">
  <testcase classname="com.neotech.lesson03.TaskOne" name="fourthMethod" time="0.016"/>
  <system-out/>
  <testcase classname="com.neotech.lesson03.TaskOne" name="thirdMethod" time="0.001"/>
  <system-out/>
  <testcase classname="com.neotech.lesson03.TaskOne" name="secondMethod" time="0.002"/>
  <system-out/>
  <testcase classname="com.neotech.lesson03.TaskOne" name="firstMethod" time="0.001"/>
  <system-out/>
  <testcase classname="com.neotech.lesson03.TaskOne" name="firstMethod1">
    <skipped/>
  </testcase> <!-- firstMethod1 -->
  <system-out/>
</testsuite> <!-- com.neotech.lesson03.TaskOne -->
