<?xml version="1.0" encoding="UTF-8"?>
<!-- Generated by org.testng.reporters.JUnitReportReporter -->
<testsuite hostname="LAPTOP-8PVICKAN" failures="0" tests="4" name="com.neotech.lesson02.EnableAndDisable" time="0.014" errors="0" timestamp="2023-02-08T02:26:41 EST" skipped="1">
  <testcase classname="com.neotech.lesson02.EnableAndDisable" name="firstTest" time="0.012"/>
  <system-out/>
  <testcase classname="com.neotech.lesson02.EnableAndDisable" name="thirdTest" time="0.001"/>
  <system-out/>
  <testcase classname="com.neotech.lesson02.EnableAndDisable" name="fourthTest" time="0.001"/>
  <system-out/>
  <testcase classname="com.neotech.lesson02.EnableAndDisable" name="secondTest">
    <skipped/>
  </testcase> <!-- secondTest -->
  <system-out/>
</testsuite> <!-- com.neotech.lesson02.EnableAndDisable -->
