<?xml version="1.0" encoding="UTF-8"?>
<!-- Generated by org.testng.reporters.JUnitReportReporter -->
<testsuite hostname="LAPTOP-8PVICKAN" failures="0" tests="2" name="com.neotech.lesson01.TestNGAnnotations" time="0.014" errors="0" timestamp="2023-01-30T22:52:32 EST" skipped="0">
  <testcase classname="com.neotech.lesson01.TestNGAnnotations" name="test2" time="0.003"/>
  <system-out/>
  <testcase classname="com.neotech.lesson01.TestNGAnnotations" name="test1" time="0.011"/>
  <system-out/>
</testsuite> <!-- com.neotech.lesson01.TestNGAnnotations -->
