<?xml version="1.0" encoding="UTF-8"?>
<!-- Generated by org.testng.reporters.JUnitReportReporter -->
<testsuite hostname="LAPTOP-8PVICKAN" failures="0" tests="3" name="com.neotech.lesson01.TitleAndLoginValidation" time="17.977" errors="0" timestamp="2023-02-08T02:29:53 EST" skipped="0">
  <testcase classname="com.neotech.lesson01.TitleAndLoginValidation" name="logoValidation" time="3.836"/>
  <system-out/>
  <testcase classname="com.neotech.lesson01.TitleAndLoginValidation" name="titleValidation" time="8.025"/>
  <system-out/>
  <testcase classname="com.neotech.lesson01.TitleAndLoginValidation" name="loginValidation" time="6.116"/>
  <system-out/>
</testsuite> <!-- com.neotech.lesson01.TitleAndLoginValidation -->
