<?xml version="1.0" encoding="UTF-8"?>
<!-- Generated by org.testng.reporters.JUnitReportReporter -->
<testsuite hostname="LAPTOP-8PVICKAN" failures="0" tests="3" name="com.neotech.lesson03.GroupsDemo" time="0.021" errors="0" timestamp="2023-01-31T20:39:27 EST" skipped="0">
  <testcase classname="com.neotech.lesson03.GroupsDemo" name="test4" time="0.001"/>
  <system-out/>
  <testcase classname="com.neotech.lesson03.GroupsDemo" name="test2" time="0.001"/>
  <system-out/>
  <testcase classname="com.neotech.lesson03.GroupsDemo" name="test1" time="0.019"/>
  <system-out/>
</testsuite> <!-- com.neotech.lesson03.GroupsDemo -->
