<?xml version="1.0" encoding="UTF-8"?>
<!-- Generated by org.testng.reporters.JUnitReportReporter -->
<testsuite hostname="LAPTOP-8PVICKAN" failures="0" tests="2" name="com.neotech.lesson02.AssertDemo" time="2.695" errors="0" timestamp="2023-01-29T21:34:16 EST" skipped="1">
  <testcase classname="com.neotech.lesson02.AssertDemo" name="validationLogo" time="2.695"/>
  <system-out/>
  <testcase classname="com.neotech.lesson02.AssertDemo" name="titleValidation">
    <skipped/>
  </testcase> <!-- titleValidation -->
  <system-out/>
</testsuite> <!-- com.neotech.lesson02.AssertDemo -->
