<?xml version="1.0" encoding="UTF-8"?>
<!-- Generated by org.testng.reporters.JUnitReportReporter -->
<testsuite hostname="LAPTOP-8PVICKAN" failures="0" tests="2" name="com.neotech.lesson01.MoreTestNGAnnotations" time="0.008" errors="0" timestamp="2023-02-08T02:34:32 EST" skipped="0">
  <testcase classname="com.neotech.lesson01.MoreTestNGAnnotations" name="test2" time="0.001"/>
  <system-out/>
  <testcase classname="com.neotech.lesson01.MoreTestNGAnnotations" name="test1" time="0.007"/>
  <system-out/>
</testsuite> <!-- com.neotech.lesson01.MoreTestNGAnnotations -->
