<?xml version="1.0" encoding="UTF-8"?>
<!-- Generated by org.testng.reporters.JUnitReportReporter -->
<testsuite hostname="LAPTOP-8PVICKAN" failures="0" tests="3" name="com.neotech.lesson03.DataProviderDemo" time="12.498" errors="0" timestamp="2023-01-31T21:36:36 EST" skipped="0">
  <testcase classname="com.neotech.lesson03.DataProviderDemo" name="LofinFunctionality" time="4.838"/>
  <system-out/>
  <testcase classname="com.neotech.lesson03.DataProviderDemo" name="LofinFunctionality" time="3.629"/>
  <system-out/>
  <testcase classname="com.neotech.lesson03.DataProviderDemo" name="LofinFunctionality" time="4.031"/>
  <system-out/>
</testsuite> <!-- com.neotech.lesson03.DataProviderDemo -->
