<?xml version="1.0" encoding="UTF-8"?>
<!-- Generated by org.testng.reporters.JUnitReportReporter -->
<testsuite hostname="LAPTOP-8PVICKAN" failures="0" tests="1" name="com.neotech.lesson01.TestNGDemo" time="0.002" errors="0" timestamp="2023-01-31T20:39:27 EST" skipped="0">
  <testcase classname="com.neotech.lesson01.TestNGDemo" name="testOne" time="0.002"/>
  <system-out/>
</testsuite> <!-- com.neotech.lesson01.TestNGDemo -->
