<?xml version="1.0" encoding="UTF-8"?>
<!-- Generated by org.testng.reporters.JUnitReportReporter -->
<testsuite hostname="LAPTOP-8PVICKAN" failures="0" tests="3" name="com.neotech.lesson03.Homework2" time="43.106" errors="0" timestamp="2023-02-07T03:13:48 EST" skipped="0">
  <testcase classname="com.neotech.lesson03.Homework2" name="labelValidation" time="14.421"/>
  <system-out/>
  <testcase classname="com.neotech.lesson03.Homework2" name="addEmployeeValidation" time="20.211"/>
  <system-out/>
  <testcase classname="com.neotech.lesson03.Homework2" name="loginValidation" time="8.474"/>
  <system-out/>
</testsuite> <!-- com.neotech.lesson03.Homework2 -->
