<?xml version="1.0" encoding="UTF-8"?>
<!-- Generated by org.testng.reporters.JUnitReportReporter -->
<testsuite hostname="LAPTOP-8PVICKAN" failures="0" tests="2" name="com.neotech.lesson02.Homework1" time="10.793" errors="0" timestamp="2023-01-29T18:09:29 EST" skipped="0">
  <testcase classname="com.neotech.lesson02.Homework1" name="negativeLoginTest" time="4.063"/>
  <system-out/>
  <testcase classname="com.neotech.lesson02.Homework1" name="loginValidation" time="6.730"/>
  <system-out/>
</testsuite> <!-- com.neotech.lesson02.Homework1 -->
