<?xml version="1.0" encoding="UTF-8"?>
<!-- Generated by org.testng.reporters.JUnitReportReporter -->
<testsuite hostname="LAPTOP-8PVICKAN" failures="0" tests="3" name="com.neotech.lesson03.AddEmployeeWithDataProvider" time="6.670" errors="0" timestamp="2023-01-31T22:41:09 EST" skipped="0">
  <testcase classname="com.neotech.lesson03.AddEmployeeWithDataProvider" name="addEmployee" time="1.860"/>
  <system-out/>
  <testcase classname="com.neotech.lesson03.AddEmployeeWithDataProvider" name="addEmployee" time="2.888"/>
  <system-out/>
  <testcase classname="com.neotech.lesson03.AddEmployeeWithDataProvider" name="addEmployee" time="1.922"/>
  <system-out/>
</testsuite> <!-- com.neotech.lesson03.AddEmployeeWithDataProvider -->
